2020/team3/team3_example/use_api/build/intermediates/manifest_merge_blame_file/debug/manifest-merger-blame-debug-report.txt
1<?xml version="1.0" encoding="utf-8"?>
2<manifest xmlns:android="http://schemas.android.com/apk/res/android"
3    package="com.samsung.android.nnstreamer.cameraWithNNSJAVAAPI"
4    android:versionCode="1"
5    android:versionName="1.0" >
6
7    <uses-sdk
8        android:minSdkVersion="26"
8-->src/main/AndroidManifest.xml
9        android:targetSdkVersion="28" />
9-->src/main/AndroidManifest.xml
10
11    <uses-feature android:name="android.hardware.camera" />
11-->src/main/AndroidManifest.xml:5:5-60
11-->src/main/AndroidManifest.xml:5:19-57
12    <uses-feature android:name="android.hardware.camera.autofocus" />
12-->src/main/AndroidManifest.xml:6:5-70
12-->src/main/AndroidManifest.xml:6:19-67
13
14    <uses-permission android:name="android.permission.CAMERA" />
14-->src/main/AndroidManifest.xml:8:5-65
14-->src/main/AndroidManifest.xml:8:22-62
15    <uses-permission android:name="android.permission.READ_EXTERNAL_STORAGE" />
15-->src/main/AndroidManifest.xml:9:5-80
15-->src/main/AndroidManifest.xml:9:22-77
16    <uses-permission android:name="android.permission.WRITE_EXTERNAL_STORAGE" />
16-->src/main/AndroidManifest.xml:10:5-81
16-->src/main/AndroidManifest.xml:10:22-78
17
18    <uses-feature android:glEsVersion="0x00020000" />
18-->[nnstreamer-2020-09-28.aar] AndroidManifest.xml:11:5-54
18-->[nnstreamer-2020-09-28.aar] AndroidManifest.xml:11:19-51
19
20    <application
20-->src/main/AndroidManifest.xml:12:5-25:19
21        android:allowBackup="true"
21-->src/main/AndroidManifest.xml:14:9-35
22        android:appComponentFactory="android.support.v4.app.CoreComponentFactory"
22-->[com.android.support:support-compat:28.0.0] AndroidManifest.xml:22:18-91
23        android:debuggable="true"
24        android:extractNativeLibs="true"
24-->src/main/AndroidManifest.xml:13:9-41
25        android:icon="@drawable/nnsuite_logo"
25-->src/main/AndroidManifest.xml:15:9-46
26        android:label="@string/app_name"
26-->src/main/AndroidManifest.xml:16:9-41
27        android:largeHeap="true"
27-->[nnstreamer-2020-09-28.aar] AndroidManifest.xml:18:9-33
28        android:supportsRtl="true"
28-->src/main/AndroidManifest.xml:17:9-35
29        android:testOnly="true"
30        android:theme="@style/AppTheme" >
30-->src/main/AndroidManifest.xml:18:9-40
31        <activity android:name="org.nnsuite.nnstreamer.sample.MainActivity" >
31-->src/main/AndroidManifest.xml:19:9-24:20
31-->src/main/AndroidManifest.xml:19:19-47
32            <intent-filter>
32-->src/main/AndroidManifest.xml:20:13-23:29
33                <action android:name="android.intent.action.MAIN" />
33-->src/main/AndroidManifest.xml:21:17-69
33-->src/main/AndroidManifest.xml:21:25-66
34
35                <category android:name="android.intent.category.LAUNCHER" />
35-->src/main/AndroidManifest.xml:22:17-77
35-->src/main/AndroidManifest.xml:22:27-74
36            </intent-filter>
37        </activity>
38    </application>
39
40</manifest>